{"/home/cvc/Área de Trabalho/JavaScript/JSEXPERT/TestingJS/class-04/api.js":{"path":"/home/cvc/Área de Trabalho/JavaScript/JSEXPERT/TestingJS/class-04/api.js","statementMap":{"0":{"start":{"line":1,"column":13},"end":{"line":1,"column":28}},"1":{"start":{"line":3,"column":21},"end":{"line":3,"column":66}},"2":{"start":{"line":4,"column":15},"end":{"line":35,"column":1}},"3":{"start":{"line":6,"column":8},"end":{"line":6,"column":41}},"4":{"start":{"line":8,"column":8},"end":{"line":8,"column":30}},"5":{"start":{"line":12,"column":8},"end":{"line":27,"column":9}},"6":{"start":{"line":13,"column":25},"end":{"line":13,"column":41}},"7":{"start":{"line":15,"column":12},"end":{"line":23,"column":13}},"8":{"start":{"line":19,"column":16},"end":{"line":19,"column":42}},"9":{"start":{"line":20,"column":16},"end":{"line":20,"column":47}},"10":{"start":{"line":22,"column":16},"end":{"line":22,"column":38}},"11":{"start":{"line":25,"column":12},"end":{"line":25,"column":48}},"12":{"start":{"line":26,"column":12},"end":{"line":26,"column":27}},"13":{"start":{"line":31,"column":8},"end":{"line":31,"column":38}},"14":{"start":{"line":33,"column":8},"end":{"line":33,"column":30}},"15":{"start":{"line":37,"column":16},"end":{"line":48,"column":1}},"16":{"start":{"line":38,"column":28},"end":{"line":38,"column":35}},"17":{"start":{"line":39,"column":21},"end":{"line":39,"column":53}},"18":{"start":{"line":40,"column":19},"end":{"line":40,"column":53}},"19":{"start":{"line":42,"column":4},"end":{"line":44,"column":6}},"20":{"start":{"line":46,"column":4},"end":{"line":46,"column":37}},"21":{"start":{"line":50,"column":12},"end":{"line":51,"column":77}},"22":{"start":{"line":51,"column":32},"end":{"line":51,"column":76}},"23":{"start":{"line":53,"column":0},"end":{"line":53,"column":21}}},"fnMap":{"0":{"name":"(anonymous_0)","decl":{"start":{"line":5,"column":20},"end":{"line":5,"column":21}},"loc":{"start":{"line":5,"column":43},"end":{"line":9,"column":5}},"line":5},"1":{"name":"(anonymous_1)","decl":{"start":{"line":11,"column":19},"end":{"line":11,"column":20}},"loc":{"start":{"line":11,"column":48},"end":{"line":28,"column":5}},"line":11},"2":{"name":"(anonymous_2)","decl":{"start":{"line":30,"column":13},"end":{"line":30,"column":14}},"loc":{"start":{"line":30,"column":36},"end":{"line":34,"column":5}},"line":30},"3":{"name":"(anonymous_3)","decl":{"start":{"line":37,"column":16},"end":{"line":37,"column":17}},"loc":{"start":{"line":37,"column":44},"end":{"line":48,"column":1}},"line":37},"4":{"name":"(anonymous_4)","decl":{"start":{"line":51,"column":26},"end":{"line":51,"column":27}},"loc":{"start":{"line":51,"column":32},"end":{"line":51,"column":76}},"line":51}},"branchMap":{"0":{"loc":{"start":{"line":15,"column":12},"end":{"line":23,"column":13}},"type":"if","locations":[{"start":{"line":15,"column":12},"end":{"line":23,"column":13}},{"start":{"line":15,"column":12},"end":{"line":23,"column":13}}],"line":15},"1":{"loc":{"start":{"line":16,"column":16},"end":{"line":17,"column":55}},"type":"binary-expr","locations":[{"start":{"line":16,"column":16},"end":{"line":16,"column":55}},{"start":{"line":17,"column":16},"end":{"line":17,"column":55}}],"line":16},"2":{"loc":{"start":{"line":40,"column":19},"end":{"line":40,"column":53}},"type":"binary-expr","locations":[{"start":{"line":40,"column":19},"end":{"line":40,"column":35}},{"start":{"line":40,"column":39},"end":{"line":40,"column":53}}],"line":40}},"s":{"0":1,"1":1,"2":1,"3":1,"4":1,"5":2,"6":2,"7":2,"8":1,"9":1,"10":1,"11":1,"12":1,"13":1,"14":1,"15":1,"16":4,"17":4,"18":4,"19":4,"20":4,"21":1,"22":1,"23":1},"f":{"0":1,"1":2,"2":1,"3":4,"4":1},"b":{"0":[1,1],"1":[2,1],"2":[4,1]},"_coverageSchema":"1a1c01bbd47fc00a2c39e90264f33305004495a9","hash":"4504b54d5cfb80f9de106f3e28845f369189ba64","contentHash":"7e0d2ad933f596cf3dfef5dd86021b569e1f2a7622801cf1b6660ce329b5bcef"}}